[8204:14208:0418/232652:INFO:AppRunner.cpp(619)] Begin run process geeplayer
[8204:14208:0418/232652:INFO:AppRunner.cpp(623)] ProductName is GeePlayer1
[8204:14208:0418/232652:INFO:AppRunner.cpp(662)] apppluginbase version is 4.3.4.79
[8204:14208:0418/232652:INFO:UIlib.cpp(192)] quilib: version is 4.3.4.77
[8204:14208:0418/232652:INFO:serviceManager.cpp(687)] mainprocessisrunning key is set as 1
[8204:14208:0418/232652:INFO:serviceManager.cpp(800)] create local service plugin PluginServerStatePlugin
[8204:14208:0418/232652:INFO:serviceManager.cpp(857)] plugin PluginServerStatePlugin DoPluginInit
[8204:14208:0418/232652:INFO:serviceManager.cpp(1523)] repository parse over
[14948:15228:0418/232652:INFO:AppRunner.cpp(619)] Begin run process geeplayer
[14948:15228:0418/232652:INFO:AppRunner.cpp(623)] ProductName is GeePlayer2
[14948:15228:0418/232652:INFO:AppRunner.cpp(662)] apppluginbase version is 4.3.4.79
[14948:15228:0418/232652:INFO:UIlib.cpp(192)] quilib: version is 4.3.4.77
[14948:15228:0418/232652:INFO:serviceManager.cpp(687)] mainprocessisrunning key is set as 1
[14948:15228:0418/232652:INFO:serviceManager.cpp(800)] create local service plugin PluginServerStatePlugin
[14948:15228:0418/232652:INFO:serviceManager.cpp(694)] service recordPluginServerStatePlugin is dirty old runPID:8204 , right pid:14948 , arrPeerInfo Size:0
[14948:15228:0418/232652:INFO:serviceManager.cpp(704)] service table: name:PluginServerStatePlugin runpid:8204 plugin:007AEB68, 
[14948:15228:0418/232652:INFO:serviceManager.cpp(857)] plugin PluginServerStatePlugin DoPluginInit
[14948:15228:0418/232652:INFO:serviceManager.cpp(1523)] repository parse over
[14948:15228:0418/232653:INFO:UIManager.cpp(372)] quilib:call set resouce path, path is c:\program files (x86)\geeplayer\2.5.31.3010\skin
[8204:14208:0418/232653:INFO:UIManager.cpp(372)] quilib:call set resouce path, path is c:\program files (x86)\geeplayer\2.5.31.3010\skin
[14948:15228:0418/232653:INFO:UIDlgBuilder.cpp(407)] quilib:create root control failed
[8204:14208:0418/232653:INFO:UIDlgBuilder.cpp(407)] quilib:create root control failed
[14948:15228:0418/232653:INFO:UIDlgBuilder.cpp(407)] quilib:create root control failed
[8204:14208:0418/232653:INFO:UIDlgBuilder.cpp(407)] quilib:create root control failed
[14948:15228:0418/232653:INFO:UIDlgBuilder.cpp(407)] quilib:create root control failed
[14948:15228:0418/232653:INFO:UIDlgBuilder.cpp(407)] quilib:create root control failed
[8204:14208:0418/232653:INFO:UIDlgBuilder.cpp(407)] quilib:create root control failed
[8204:14208:0418/232653:INFO:UIDlgBuilder.cpp(407)] quilib:create root control failed
[14948:15228:0418/232653:INFO:UIDlgBuilder.cpp(407)] quilib:create root control failed
[8204:14208:0418/232653:INFO:UIDlgBuilder.cpp(407)] quilib:create root control failed
[14948:15228:0418/232653:INFO:UIDlgBuilder.cpp(407)] quilib:create root control failed
[8204:14208:0418/232653:INFO:UIDlgBuilder.cpp(407)] quilib:create root control failed
[8204:14208:0418/232823:INFO:UIDlgBuilder.cpp(407)] quilib:create root control failed
[8204:14208:0418/233837:INFO:AppRunner.cpp(715)] loop exit geeplayer call main plugin DestoryPluginEntry
[8204:14208:0418/233837:INFO:IPlugin.cpp(117)] real plugin mainPlugin call DestroyPlugin
[8204:14208:0418/233837:INFO:IPlugin.cpp(374)] destruct plugin mainPlugin
[8204:14208:0418/233837:INFO:serviceManager.cpp(1608)] mainPlugin plugin had destroy by DestructPlugin
[8204:14208:0418/233837:INFO:serviceManager.cpp(2532)] DestructManager begin
[8204:14208:0418/233837:INFO:IPlugin.cpp(374)] destruct plugin PluginServerStatePlugin
[8204:14208:0418/233837:INFO:IPlugin.cpp(286)] real plugin PluginServerStatePlugin call DestroyPlugin
[8204:14208:0418/233837:INFO:serviceManager.cpp(1608)] PluginServerStatePlugin plugin had destroy by DestructPlugin
[8204:14208:0418/233837:INFO:serviceManager.cpp(2408)] DeleteLeftPlugins begin
[8204:14208:0418/233837:INFO:serviceManager.cpp(2470)] DeleteLeftPlugins end
[8204:14208:0418/233837:INFO:serviceManager.cpp(687)] mainprocessisrunning key is set as 0
[8204:14208:0418/233837:INFO:AppRunner.cpp(730)] close mutex of process geeplayer
[8204:14208:0418/233837:INFO:AppRunner.cpp(738)] run process geeplayer end
[14948:15228:0418/233839:INFO:AppRunner.cpp(715)] loop exit geeplayer call main plugin DestoryPluginEntry
[14948:15228:0418/233839:INFO:IPlugin.cpp(117)] real plugin mainPlugin call DestroyPlugin
[14948:15228:0418/233839:INFO:IPlugin.cpp(374)] destruct plugin mainPlugin
[14948:15228:0418/233839:INFO:serviceManager.cpp(1608)] mainPlugin plugin had destroy by DestructPlugin
[14948:15228:0418/233839:INFO:serviceManager.cpp(2532)] DestructManager begin
[14948:15228:0418/233839:INFO:IPlugin.cpp(374)] destruct plugin PluginServerStatePlugin
[14948:15228:0418/233839:INFO:IPlugin.cpp(286)] real plugin PluginServerStatePlugin call DestroyPlugin
[14948:15228:0418/233839:INFO:serviceManager.cpp(1608)] PluginServerStatePlugin plugin had destroy by DestructPlugin
[14948:15228:0418/233839:INFO:serviceManager.cpp(2408)] DeleteLeftPlugins begin
[14948:15228:0418/233839:INFO:serviceManager.cpp(2470)] DeleteLeftPlugins end
[14948:15228:0418/233839:INFO:serviceManager.cpp(687)] mainprocessisrunning key is set as 0
[14948:15228:0418/233839:INFO:AppRunner.cpp(730)] close mutex of process geeplayer
[14948:15228:0418/233839:INFO:AppRunner.cpp(738)] run process geeplayer end
